<?xml version="1.0" encoding="UTF-8"?>
<testng-results skipped="0" failed="0" ignored="0" total="2" passed="2">
  <reporter-output>
  </reporter-output>
  <suite name="Suite" duration-ms="158147" started-at="2020-10-17T20:33:37Z" finished-at="2020-10-17T20:36:15Z">
    <groups>
    </groups>
    <test name="Test" duration-ms="158147" started-at="2020-10-17T20:33:37Z" finished-at="2020-10-17T20:36:15Z">
      <class name="com.TestScripts.Bookorder.bookorder">
        <test-method status="PASS" signature="testbase(java.lang.String)[pri:0, instance:com.TestScripts.Bookorder.bookorder@10366b4]" name="testbase" duration-ms="27118" started-at="2020-10-17T20:33:38Z" finished-at="2020-10-17T20:34:05Z">
          <params>
            <param index="0">
              <value>
                <![CDATA[chrome]]>
              </value>
            </param>
          </params>
          <reporter-output>
          </reporter-output>
        </test-method> <!-- testbase -->
        <test-method status="PASS" signature="testbook()[pri:0, instance:com.TestScripts.Bookorder.bookorder@10366b4]" name="testbook" duration-ms="129263" started-at="2020-10-17T20:34:05Z" finished-at="2020-10-17T20:36:15Z">
          <reporter-output>
          </reporter-output>
        </test-method> <!-- testbook -->
      </class> <!-- com.TestScripts.Bookorder.bookorder -->
    </test> <!-- Test -->
  </suite> <!-- Suite -->
</testng-results>
